2019-12-24T09:53:08.797Z INFO webdriverio: Initiate new session using the webdriver protocol
2019-12-24T09:53:08.800Z INFO webdriver: [POST] http://localhost:4444/wd/hub/session
2019-12-24T09:53:08.800Z INFO webdriver: DATA {
  capabilities: { alwaysMatch: { browserName: 'chrome' }, firstMatch: [ {} ] },
  desiredCapabilities: { browserName: 'chrome' }
}
2019-12-24T09:53:08.814Z WARN webdriver: Request failed due to connect ECONNREFUSED 127.0.0.1:4444
2019-12-24T09:53:08.814Z INFO webdriver: Retrying 1/3
2019-12-24T09:53:08.814Z INFO webdriver: [POST] http://localhost:4444/wd/hub/session
2019-12-24T09:53:08.814Z INFO webdriver: DATA {
  capabilities: { alwaysMatch: { browserName: 'chrome' }, firstMatch: [ {} ] },
  desiredCapabilities: { browserName: 'chrome' }
}
2019-12-24T09:53:08.816Z WARN webdriver: Request failed due to connect ECONNREFUSED 127.0.0.1:4444
2019-12-24T09:53:08.816Z INFO webdriver: Retrying 2/3
2019-12-24T09:53:08.816Z INFO webdriver: [POST] http://localhost:4444/wd/hub/session
2019-12-24T09:53:08.816Z INFO webdriver: DATA {
  capabilities: { alwaysMatch: { browserName: 'chrome' }, firstMatch: [ {} ] },
  desiredCapabilities: { browserName: 'chrome' }
}
2019-12-24T09:53:08.818Z WARN webdriver: Request failed due to connect ECONNREFUSED 127.0.0.1:4444
2019-12-24T09:53:08.818Z INFO webdriver: Retrying 3/3
2019-12-24T09:53:08.819Z INFO webdriver: [POST] http://localhost:4444/wd/hub/session
2019-12-24T09:53:08.819Z INFO webdriver: DATA {
  capabilities: { alwaysMatch: { browserName: 'chrome' }, firstMatch: [ {} ] },
  desiredCapabilities: { browserName: 'chrome' }
}
2019-12-24T09:53:08.820Z ERROR webdriver: Request failed due to Error: connect ECONNREFUSED 127.0.0.1:4444
    at TCPConnectWrap.afterConnect [as oncomplete] (net.js:1129:14)
2019-12-24T09:53:08.820Z ERROR webdriver: Error: connect ECONNREFUSED 127.0.0.1:4444
    at TCPConnectWrap.afterConnect [as oncomplete] (net.js:1129:14)
